<?xml version="1.0" encoding="UTF-8"?>
<testsuite xmlns:xsi="http://www.w3.org/2001/XMLSchema-instance" xsi:noNamespaceSchemaLocation="https://maven.apache.org/surefire/maven-surefire-plugin/xsd/surefire-test-report-3.0.xsd" version="3.0" name="TestSuite" time="1.209" tests="8" errors="0" skipped="0" failures="0">
  <properties>
[...]
</properties>
  <testcase name="firstTest" classname="org.example.lesson6.MyFirstClass" time="0.002"/>
  <testcase name="firstTest" classname="org.example.lesson6.MyFirstClass" time="0"/>
  <testcase name="secondTest" classname="org.example.lesson6.MyFirstClass" time="0.04"/>
  <testcase name="secondTest" classname="org.example.lesson6.MyFirstClass" time="0.001"/>
  <testcase name="firstTest" classname="org.example.lesson6.MySecondClass" time="0.001"/>
  <testcase name="firstTest" classname="org.example.lesson6.MySecondClass" time="0.001"/>
  <testcase name="secondTest" classname="org.example.lesson6.MySecondClass" time="0"/>
  <testcase name="secondTest" classname="org.example.lesson6.MySecondClass" time="0"/>
</testsuite>