<?xml version="1.0" encoding="UTF-8"?>
<testng-results skipped="0" failed="0" ignored="8" total="16" passed="8">
  <reporter-output>
  </reporter-output>
  <suite name="Component Tests" duration-ms="74" started-at="2021-02-24T17:18:37Z" finished-at="2021-02-24T17:18:37Z">
    <groups>
    </groups>
    <test name="my-feature1" duration-ms="55" started-at="2021-02-24T17:18:37Z" finished-at="2021-02-24T17:18:37Z">
      <class name="org.example.lesson6.MySecondClass">
        <test-method status="PASS" signature="firstTest()[pri:201, instance:org.example.lesson6.MySecondClass@37d4349f]" name="firstTest" duration-ms="0" started-at="2021-02-24T17:18:37Z" finished-at="2021-02-24T17:18:37Z">
          <reporter-output>
          </reporter-output>
        </test-method> <!-- firstTest -->
        <test-method status="PASS" signature="secondTest()[pri:202, instance:org.example.lesson6.MySecondClass@37d4349f]" name="secondTest" duration-ms="0" started-at="2021-02-24T17:18:37Z" finished-at="2021-02-24T17:18:37Z">
          <reporter-output>
          </reporter-output>
        </test-method> <!-- secondTest -->
      </class> <!-- org.example.lesson6.MySecondClass -->
      <class name="org.example.lesson6.MyFirstClass">
        <test-method status="PASS" signature="beforeTestConfig()[pri:0, instance:org.example.lesson6.MyFirstClass@5b03b9fe]" name="beforeTestConfig" is-config="true" duration-ms="0" started-at="2021-02-24T17:18:37Z" finished-at="2021-02-24T17:18:37Z">
          <reporter-output>
          </reporter-output>
        </test-method> <!-- beforeTestConfig -->
        <test-method status="PASS" signature="beforeClassConfig()[pri:0, instance:org.example.lesson6.MyFirstClass@5b03b9fe]" name="beforeClassConfig" is-config="true" duration-ms="1" started-at="2021-02-24T17:18:37Z" finished-at="2021-02-24T17:18:37Z">
          <reporter-output>
          </reporter-output>
        </test-method> <!-- beforeClassConfig -->
        <test-method status="PASS" signature="beforeMethodConfig()[pri:0, instance:org.example.lesson6.MyFirstClass@5b03b9fe]" name="beforeMethodConfig" is-config="true" duration-ms="0" started-at="2021-02-24T17:18:37Z" finished-at="2021-02-24T17:18:37Z">
          <reporter-output>
          </reporter-output>
        </test-method> <!-- beforeMethodConfig -->
        <test-method status="PASS" signature="firstTest()[pri:101, instance:org.example.lesson6.MyFirstClass@5b03b9fe]" name="firstTest" duration-ms="1" started-at="2021-02-24T17:18:37Z" finished-at="2021-02-24T17:18:37Z">
          <reporter-output>
          </reporter-output>
        </test-method> <!-- firstTest -->
        <test-method status="PASS" signature="afterMethodConfig()[pri:0, instance:org.example.lesson6.MyFirstClass@5b03b9fe]" name="afterMethodConfig" is-config="true" duration-ms="0" started-at="2021-02-24T17:18:37Z" finished-at="2021-02-24T17:18:37Z">
          <reporter-output>
          </reporter-output>
        </test-method> <!-- afterMethodConfig -->
        <test-method status="PASS" signature="secondTest()[pri:102, instance:org.example.lesson6.MyFirstClass@5b03b9fe]" name="secondTest" duration-ms="40" started-at="2021-02-24T17:18:37Z" finished-at="2021-02-24T17:18:37Z">
          <reporter-output>
          </reporter-output>
        </test-method> <!-- secondTest -->
        <test-method status="PASS" signature="beforeMethodConfig()[pri:0, instance:org.example.lesson6.MyFirstClass@5b03b9fe]" name="beforeMethodConfig" is-config="true" duration-ms="0" started-at="2021-02-24T17:18:37Z" finished-at="2021-02-24T17:18:37Z">
          <reporter-output>
          </reporter-output>
        </test-method> <!-- beforeMethodConfig -->
        <test-method status="PASS" signature="afterMethodConfig()[pri:0, instance:org.example.lesson6.MyFirstClass@5b03b9fe]" name="afterMethodConfig" is-config="true" duration-ms="0" started-at="2021-02-24T17:18:37Z" finished-at="2021-02-24T17:18:37Z">
          <reporter-output>
          </reporter-output>
        </test-method> <!-- afterMethodConfig -->
        <test-method status="PASS" signature="afterClassConfig()[pri:0, instance:org.example.lesson6.MyFirstClass@5b03b9fe]" name="afterClassConfig" is-config="true" duration-ms="0" started-at="2021-02-24T17:18:37Z" finished-at="2021-02-24T17:18:37Z">
          <reporter-output>
          </reporter-output>
        </test-method> <!-- afterClassConfig -->
        <test-method status="PASS" signature="afterTestConfig()[pri:0, instance:org.example.lesson6.MyFirstClass@5b03b9fe]" name="afterTestConfig" is-config="true" duration-ms="0" started-at="2021-02-24T17:18:37Z" finished-at="2021-02-24T17:18:37Z">
          <reporter-output>
          </reporter-output>
        </test-method> <!-- afterTestConfig -->
      </class> <!-- org.example.lesson6.MyFirstClass -->
    </test> <!-- my-feature1 -->
    <test name="my-feature2" duration-ms="4" started-at="2021-02-24T17:18:37Z" finished-at="2021-02-24T17:18:37Z">
      <class name="org.example.lesson6.MySecondClass">
        <test-method status="PASS" signature="firstTest()[pri:201, instance:org.example.lesson6.MySecondClass@82de64a]" name="firstTest" duration-ms="0" started-at="2021-02-24T17:18:37Z" finished-at="2021-02-24T17:18:37Z">
          <reporter-output>
          </reporter-output>
        </test-method> <!-- firstTest -->
        <test-method status="PASS" signature="secondTest()[pri:202, instance:org.example.lesson6.MySecondClass@82de64a]" name="secondTest" duration-ms="0" started-at="2021-02-24T17:18:37Z" finished-at="2021-02-24T17:18:37Z">
          <reporter-output>
          </reporter-output>
        </test-method> <!-- secondTest -->
      </class> <!-- org.example.lesson6.MySecondClass -->
      <class name="org.example.lesson6.MyFirstClass">
        <test-method status="PASS" signature="beforeSuiteConfig()[pri:0, instance:org.example.lesson6.MyFirstClass@27462a88]" name="beforeSuiteConfig" is-config="true" duration-ms="45" started-at="2021-02-24T17:18:37Z" finished-at="2021-02-24T17:18:37Z">
          <reporter-output>
          </reporter-output>
        </test-method> <!-- beforeSuiteConfig -->
        <test-method status="PASS" signature="beforeTestConfig()[pri:0, instance:org.example.lesson6.MyFirstClass@27462a88]" name="beforeTestConfig" is-config="true" duration-ms="0" started-at="2021-02-24T17:18:37Z" finished-at="2021-02-24T17:18:37Z">
          <reporter-output>
          </reporter-output>
        </test-method> <!-- beforeTestConfig -->
        <test-method status="PASS" signature="beforeClassConfig()[pri:0, instance:org.example.lesson6.MyFirstClass@27462a88]" name="beforeClassConfig" is-config="true" duration-ms="0" started-at="2021-02-24T17:18:37Z" finished-at="2021-02-24T17:18:37Z">
          <reporter-output>
          </reporter-output>
        </test-method> <!-- beforeClassConfig -->
        <test-method status="PASS" signature="beforeMethodConfig()[pri:0, instance:org.example.lesson6.MyFirstClass@27462a88]" name="beforeMethodConfig" is-config="true" duration-ms="0" started-at="2021-02-24T17:18:37Z" finished-at="2021-02-24T17:18:37Z">
          <reporter-output>
          </reporter-output>
        </test-method> <!-- beforeMethodConfig -->
        <test-method status="PASS" signature="afterMethodConfig()[pri:0, instance:org.example.lesson6.MyFirstClass@27462a88]" name="afterMethodConfig" is-config="true" duration-ms="0" started-at="2021-02-24T17:18:37Z" finished-at="2021-02-24T17:18:37Z">
          <reporter-output>
          </reporter-output>
        </test-method> <!-- afterMethodConfig -->
        <test-method status="PASS" signature="firstTest()[pri:101, instance:org.example.lesson6.MyFirstClass@27462a88]" name="firstTest" duration-ms="0" started-at="2021-02-24T17:18:37Z" finished-at="2021-02-24T17:18:37Z">
          <reporter-output>
          </reporter-output>
        </test-method> <!-- firstTest -->
        <test-method status="PASS" signature="beforeMethodConfig()[pri:0, instance:org.example.lesson6.MyFirstClass@27462a88]" name="beforeMethodConfig" is-config="true" duration-ms="0" started-at="2021-02-24T17:18:37Z" finished-at="2021-02-24T17:18:37Z">
          <reporter-output>
          </reporter-output>
        </test-method> <!-- beforeMethodConfig -->
        <test-method status="PASS" signature="secondTest()[pri:102, instance:org.example.lesson6.MyFirstClass@27462a88]" name="secondTest" duration-ms="0" started-at="2021-02-24T17:18:37Z" finished-at="2021-02-24T17:18:37Z">
          <reporter-output>
          </reporter-output>
        </test-method> <!-- secondTest -->
        <test-method status="PASS" signature="afterClassConfig()[pri:0, instance:org.example.lesson6.MyFirstClass@27462a88]" name="afterClassConfig" is-config="true" duration-ms="0" started-at="2021-02-24T17:18:37Z" finished-at="2021-02-24T17:18:37Z">
          <reporter-output>
          </reporter-output>
        </test-method> <!-- afterClassConfig -->
        <test-method status="PASS" signature="afterMethodConfig()[pri:0, instance:org.example.lesson6.MyFirstClass@27462a88]" name="afterMethodConfig" is-config="true" duration-ms="0" started-at="2021-02-24T17:18:37Z" finished-at="2021-02-24T17:18:37Z">
          <reporter-output>
          </reporter-output>
        </test-method> <!-- afterMethodConfig -->
        <test-method status="PASS" signature="afterTestConfig()[pri:0, instance:org.example.lesson6.MyFirstClass@27462a88]" name="afterTestConfig" is-config="true" duration-ms="0" started-at="2021-02-24T17:18:37Z" finished-at="2021-02-24T17:18:37Z">
          <reporter-output>
          </reporter-output>
        </test-method> <!-- afterTestConfig -->
        <test-method status="PASS" signature="afterSuiteConfig()[pri:0, instance:org.example.lesson6.MyFirstClass@27462a88]" name="afterSuiteConfig" is-config="true" duration-ms="0" started-at="2021-02-24T17:18:37Z" finished-at="2021-02-24T17:18:37Z">
          <reporter-output>
          </reporter-output>
        </test-method> <!-- afterSuiteConfig -->
      </class> <!-- org.example.lesson6.MyFirstClass -->
    </test> <!-- my-feature2 -->
  </suite> <!-- Component Tests -->
</testng-results>
