<?xml version="1.0" encoding="UTF-8"?>
<!-- Generated by org.testng.reporters.JUnitXMLReporter -->
<testsuite hostname="LAPTOP-355CCE9O" ignored="4" name="my-feature2" tests="4" failures="0" timestamp="24 Feb 2021 17:18:37 GMT" time="0.004" errors="0">
  <testcase name="firstTest" time="0.0" classname="org.example.lesson6.MyFirstClass"/>
  <testcase name="secondTest" time="0.0" classname="org.example.lesson6.MyFirstClass"/>
  <testcase name="firstTest" time="0.0" classname="org.example.lesson6.MySecondClass"/>
  <testcase name="secondTest" time="0.0" classname="org.example.lesson6.MySecondClass"/>
  <testcase name="@BeforeSuite beforeSuiteConfig" time="0.0" classname="org.example.lesson6.MyParentConfigClass">
    <ignored/>
  </testcase> <!-- @BeforeSuite beforeSuiteConfig -->
  <testcase name="@BeforeTest beforeTestConfig" time="0.0" classname="org.example.lesson6.MyParentConfigClass">
    <ignored/>
  </testcase> <!-- @BeforeTest beforeTestConfig -->
  <testcase name="@AfterSuite afterSuiteConfig" time="0.0" classname="org.example.lesson6.MyParentConfigClass">
    <ignored/>
  </testcase> <!-- @AfterSuite afterSuiteConfig -->
  <testcase name="@AfterTest afterTestConfig" time="0.0" classname="org.example.lesson6.MyParentConfigClass">
    <ignored/>
  </testcase> <!-- @AfterTest afterTestConfig -->
</testsuite> <!-- my-feature2 -->
